<?xml version="1.0" encoding="UTF-8"?>
<coverage generated="1678726602716" clover="3.2.0">
  <project timestamp="1678726602716" name="All files">
    <metrics statements="71" coveredstatements="67" conditionals="12" coveredconditionals="9" methods="14" coveredmethods="14" elements="97" coveredelements="90" complexity="0" loc="71" ncloc="71" packages="1" files="4" classes="4"/>
    <file name="card.js" path="C:\Users\user\Documents\Projects\JavaScript\games\2-player-card-game\src\app\card.js">
      <metrics statements="4" coveredstatements="4" conditionals="0" coveredconditionals="0" methods="1" coveredmethods="1"/>
      <line num="3" count="313" type="stmt"/>
      <line num="4" count="313" type="stmt"/>
      <line num="5" count="313" type="stmt"/>
      <line num="8" count="3" type="stmt"/>
    </file>
    <file name="deck.js" path="C:\Users\user\Documents\Projects\JavaScript\games\2-player-card-game\src\app\deck.js">
      <metrics statements="22" coveredstatements="22" conditionals="0" coveredconditionals="0" methods="3" coveredmethods="3"/>
      <line num="1" count="2" type="stmt"/>
      <line num="5" count="6" type="stmt"/>
      <line num="6" count="6" type="stmt"/>
      <line num="7" count="6" type="stmt"/>
      <line num="9" count="6" type="stmt"/>
      <line num="10" count="24" type="stmt"/>
      <line num="11" count="312" type="stmt"/>
      <line num="15" count="6" type="stmt"/>
      <line num="19" count="6" type="stmt"/>
      <line num="22" count="6" type="stmt"/>
      <line num="23" count="312" type="stmt"/>
      <line num="24" count="312" type="stmt"/>
      <line num="26" count="312" type="stmt"/>
      <line num="27" count="312" type="stmt"/>
      <line num="28" count="312" type="stmt"/>
      <line num="34" count="6" type="stmt"/>
      <line num="35" count="6" type="stmt"/>
      <line num="36" count="6" type="stmt"/>
      <line num="37" count="6" type="stmt"/>
      <line num="38" count="6" type="stmt"/>
      <line num="39" count="6" type="stmt"/>
      <line num="43" count="2" type="stmt"/>
    </file>
    <file name="game.js" path="C:\Users\user\Documents\Projects\JavaScript\games\2-player-card-game\src\app\game.js">
      <metrics statements="35" coveredstatements="31" conditionals="12" coveredconditionals="9" methods="5" coveredmethods="5"/>
      <line num="1" count="1" type="stmt"/>
      <line num="2" count="1" type="stmt"/>
      <line num="6" count="5" type="stmt"/>
      <line num="7" count="5" type="stmt"/>
      <line num="8" count="5" type="stmt"/>
      <line num="10" count="5" type="stmt"/>
      <line num="14" count="5" type="stmt"/>
      <line num="15" count="5" type="stmt"/>
      <line num="16" count="5" type="stmt"/>
      <line num="18" count="5" type="stmt"/>
      <line num="19" count="130" type="stmt"/>
      <line num="22" count="5" type="stmt"/>
      <line num="23" count="130" type="stmt"/>
      <line num="28" count="4" type="stmt"/>
      <line num="29" count="4" type="stmt"/>
      <line num="31" count="4" type="stmt"/>
      <line num="36" count="4" type="cond" truecount="2" falsecount="0"/>
      <line num="37" count="2" type="cond" truecount="2" falsecount="0"/>
      <line num="38" count="1" type="stmt"/>
      <line num="40" count="1" type="stmt"/>
      <line num="41" count="1" type="stmt"/>
      <line num="42" count="1" type="stmt"/>
      <line num="44" count="2" type="cond" truecount="2" falsecount="0"/>
      <line num="45" count="1" type="stmt"/>
      <line num="46" count="1" type="stmt"/>
      <line num="47" count="1" type="cond" truecount="1" falsecount="1"/>
      <line num="48" count="0" type="stmt"/>
      <line num="49" count="0" type="stmt"/>
      <line num="50" count="1" type="cond" truecount="1" falsecount="1"/>
      <line num="51" count="0" type="stmt"/>
      <line num="52" count="0" type="stmt"/>
      <line num="53" count="1" type="cond" truecount="1" falsecount="1"/>
      <line num="54" count="1" type="stmt"/>
      <line num="55" count="1" type="stmt"/>
      <line num="62" count="1" type="stmt"/>
    </file>
    <file name="player.js" path="C:\Users\user\Documents\Projects\JavaScript\games\2-player-card-game\src\app\player.js">
      <metrics statements="10" coveredstatements="10" conditionals="0" coveredconditionals="0" methods="5" coveredmethods="5"/>
      <line num="3" count="14" type="stmt"/>
      <line num="4" count="14" type="stmt"/>
      <line num="5" count="14" type="stmt"/>
      <line num="9" count="266" type="stmt"/>
      <line num="13" count="10" type="stmt"/>
      <line num="17" count="3" type="stmt"/>
      <line num="18" count="3" type="stmt"/>
      <line num="19" count="3" type="stmt"/>
      <line num="23" count="3" type="stmt"/>
      <line num="27" count="2" type="stmt"/>
    </file>
  </project>
</coverage>
