{"C:\\Users\\user\\Documents\\Projects\\JavaScript\\games\\2-player-card-game\\src\\app\\card.js": {"path":"C:\\Users\\user\\Documents\\Projects\\JavaScript\\games\\2-player-card-game\\src\\app\\card.js","statementMap":{"0":{"start":{"line":3,"column":4},"end":{"line":3,"column":23}},"1":{"start":{"line":4,"column":4},"end":{"line":4,"column":21}},"2":{"start":{"line":5,"column":4},"end":{"line":5,"column":21}},"3":{"start":{"line":8,"column":0},"end":{"line":8,"column":21}}},"fnMap":{"0":{"name":"(anonymous_0)","decl":{"start":{"line":2,"column":2},"end":{"line":2,"column":3}},"loc":{"start":{"line":2,"column":34},"end":{"line":6,"column":3}},"line":2}},"branchMap":{},"s":{"0":313,"1":313,"2":313,"3":3},"f":{"0":313},"b":{},"_coverageSchema":"1a1c01bbd47fc00a2c39e90264f33305004495a9","hash":"68fe345bbc92cb8696f40a475fff45c9a11c083e"}
,"C:\\Users\\user\\Documents\\Projects\\JavaScript\\games\\2-player-card-game\\src\\app\\deck.js": {"path":"C:\\Users\\user\\Documents\\Projects\\JavaScript\\games\\2-player-card-game\\src\\app\\deck.js","statementMap":{"0":{"start":{"line":1,"column":11},"end":{"line":1,"column":28}},"1":{"start":{"line":5,"column":4},"end":{"line":5,"column":66}},"2":{"start":{"line":6,"column":4},"end":{"line":6,"column":59}},"3":{"start":{"line":7,"column":4},"end":{"line":7,"column":20}},"4":{"start":{"line":9,"column":4},"end":{"line":13,"column":5}},"5":{"start":{"line":9,"column":17},"end":{"line":9,"column":18}},"6":{"start":{"line":10,"column":6},"end":{"line":12,"column":7}},"7":{"start":{"line":10,"column":19},"end":{"line":10,"column":20}},"8":{"start":{"line":11,"column":8},"end":{"line":11,"column":70}},"9":{"start":{"line":15,"column":4},"end":{"line":15,"column":18}},"10":{"start":{"line":19,"column":23},"end":{"line":19,"column":40}},"11":{"start":{"line":22,"column":4},"end":{"line":29,"column":5}},"12":{"start":{"line":23,"column":6},"end":{"line":23,"column":60}},"13":{"start":{"line":24,"column":6},"end":{"line":24,"column":23}},"14":{"start":{"line":26,"column":6},"end":{"line":26,"column":47}},"15":{"start":{"line":27,"column":6},"end":{"line":27,"column":56}},"16":{"start":{"line":28,"column":6},"end":{"line":28,"column":46}},"17":{"start":{"line":34,"column":16},"end":{"line":34,"column":39}},"18":{"start":{"line":35,"column":16},"end":{"line":35,"column":40}},"19":{"start":{"line":36,"column":16},"end":{"line":36,"column":18}},"20":{"start":{"line":37,"column":4},"end":{"line":37,"column":21}},"21":{"start":{"line":38,"column":4},"end":{"line":38,"column":21}},"22":{"start":{"line":39,"column":4},"end":{"line":39,"column":16}},"23":{"start":{"line":43,"column":0},"end":{"line":43,"column":21}}},"fnMap":{"0":{"name":"(anonymous_0)","decl":{"start":{"line":4,"column":2},"end":{"line":4,"column":3}},"loc":{"start":{"line":4,"column":17},"end":{"line":16,"column":3}},"line":4},"1":{"name":"(anonymous_1)","decl":{"start":{"line":18,"column":2},"end":{"line":18,"column":3}},"loc":{"start":{"line":18,"column":13},"end":{"line":30,"column":3}},"line":18},"2":{"name":"(anonymous_2)","decl":{"start":{"line":32,"column":2},"end":{"line":32,"column":3}},"loc":{"start":{"line":32,"column":10},"end":{"line":40,"column":3}},"line":32}},"branchMap":{},"s":{"0":2,"1":6,"2":6,"3":6,"4":6,"5":6,"6":24,"7":24,"8":312,"9":6,"10":6,"11":6,"12":312,"13":312,"14":312,"15":312,"16":312,"17":6,"18":6,"19":6,"20":6,"21":6,"22":6,"23":2},"f":{"0":6,"1":6,"2":6},"b":{},"_coverageSchema":"1a1c01bbd47fc00a2c39e90264f33305004495a9","hash":"78ecedb9428442bb1906b4188c2243f3cd8e2af1"}
,"C:\\Users\\user\\Documents\\Projects\\JavaScript\\games\\2-player-card-game\\src\\app\\game.js": {"path":"C:\\Users\\user\\Documents\\Projects\\JavaScript\\games\\2-player-card-game\\src\\app\\game.js","statementMap":{"0":{"start":{"line":1,"column":13},"end":{"line":1,"column":30}},"1":{"start":{"line":2,"column":15},"end":{"line":2,"column":34}},"2":{"start":{"line":6,"column":4},"end":{"line":6,"column":26}},"3":{"start":{"line":7,"column":4},"end":{"line":7,"column":32}},"4":{"start":{"line":8,"column":4},"end":{"line":8,"column":32}},"5":{"start":{"line":10,"column":4},"end":{"line":10,"column":20}},"6":{"start":{"line":14,"column":16},"end":{"line":14,"column":32}},"7":{"start":{"line":15,"column":16},"end":{"line":15,"column":24}},"8":{"start":{"line":16,"column":16},"end":{"line":16,"column":24}},"9":{"start":{"line":18,"column":4},"end":{"line":20,"column":6}},"10":{"start":{"line":19,"column":6},"end":{"line":19,"column":33}},"11":{"start":{"line":22,"column":4},"end":{"line":24,"column":6}},"12":{"start":{"line":23,"column":6},"end":{"line":23,"column":33}},"13":{"start":{"line":28,"column":22},"end":{"line":28,"column":48}},"14":{"start":{"line":29,"column":22},"end":{"line":29,"column":48}},"15":{"start":{"line":31,"column":4},"end":{"line":34,"column":6}},"16":{"start":{"line":36,"column":4},"end":{"line":56,"column":5}},"17":{"start":{"line":37,"column":6},"end":{"line":43,"column":7}},"18":{"start":{"line":38,"column":8},"end":{"line":38,"column":75}},"19":{"start":{"line":40,"column":8},"end":{"line":40,"column":63}},"20":{"start":{"line":41,"column":8},"end":{"line":41,"column":46}},"21":{"start":{"line":42,"column":8},"end":{"line":42,"column":46}},"22":{"start":{"line":44,"column":11},"end":{"line":56,"column":5}},"23":{"start":{"line":45,"column":6},"end":{"line":45,"column":43}},"24":{"start":{"line":46,"column":6},"end":{"line":46,"column":31}},"25":{"start":{"line":47,"column":11},"end":{"line":56,"column":5}},"26":{"start":{"line":48,"column":6},"end":{"line":48,"column":43}},"27":{"start":{"line":49,"column":6},"end":{"line":49,"column":31}},"28":{"start":{"line":50,"column":11},"end":{"line":56,"column":5}},"29":{"start":{"line":51,"column":6},"end":{"line":51,"column":43}},"30":{"start":{"line":52,"column":6},"end":{"line":52,"column":31}},"31":{"start":{"line":53,"column":11},"end":{"line":56,"column":5}},"32":{"start":{"line":54,"column":6},"end":{"line":54,"column":43}},"33":{"start":{"line":55,"column":6},"end":{"line":55,"column":31}},"34":{"start":{"line":62,"column":0},"end":{"line":62,"column":21}}},"fnMap":{"0":{"name":"(anonymous_0)","decl":{"start":{"line":5,"column":2},"end":{"line":5,"column":3}},"loc":{"start":{"line":5,"column":17},"end":{"line":11,"column":3}},"line":5},"1":{"name":"(anonymous_1)","decl":{"start":{"line":13,"column":2},"end":{"line":13,"column":3}},"loc":{"start":{"line":13,"column":15},"end":{"line":25,"column":3}},"line":13},"2":{"name":"(anonymous_2)","decl":{"start":{"line":18,"column":18},"end":{"line":18,"column":19}},"loc":{"start":{"line":18,"column":28},"end":{"line":20,"column":5}},"line":18},"3":{"name":"(anonymous_3)","decl":{"start":{"line":22,"column":18},"end":{"line":22,"column":19}},"loc":{"start":{"line":22,"column":28},"end":{"line":24,"column":5}},"line":22},"4":{"name":"(anonymous_4)","decl":{"start":{"line":27,"column":2},"end":{"line":27,"column":3}},"loc":{"start":{"line":27,"column":15},"end":{"line":57,"column":3}},"line":27}},"branchMap":{"0":{"loc":{"start":{"line":36,"column":4},"end":{"line":56,"column":5}},"type":"if","locations":[{"start":{"line":36,"column":4},"end":{"line":56,"column":5}},{"start":{"line":44,"column":11},"end":{"line":56,"column":5}}],"line":36},"1":{"loc":{"start":{"line":37,"column":6},"end":{"line":43,"column":7}},"type":"if","locations":[{"start":{"line":37,"column":6},"end":{"line":43,"column":7}},{"start":{"line":39,"column":13},"end":{"line":43,"column":7}}],"line":37},"2":{"loc":{"start":{"line":44,"column":11},"end":{"line":56,"column":5}},"type":"if","locations":[{"start":{"line":44,"column":11},"end":{"line":56,"column":5}},{"start":{"line":47,"column":11},"end":{"line":56,"column":5}}],"line":44},"3":{"loc":{"start":{"line":47,"column":11},"end":{"line":56,"column":5}},"type":"if","locations":[{"start":{"line":47,"column":11},"end":{"line":56,"column":5}},{"start":{"line":50,"column":11},"end":{"line":56,"column":5}}],"line":47},"4":{"loc":{"start":{"line":50,"column":11},"end":{"line":56,"column":5}},"type":"if","locations":[{"start":{"line":50,"column":11},"end":{"line":56,"column":5}},{"start":{"line":53,"column":11},"end":{"line":56,"column":5}}],"line":50},"5":{"loc":{"start":{"line":53,"column":11},"end":{"line":56,"column":5}},"type":"if","locations":[{"start":{"line":53,"column":11},"end":{"line":56,"column":5}},{"start":{},"end":{}}],"line":53}},"s":{"0":1,"1":1,"2":5,"3":5,"4":5,"5":5,"6":5,"7":5,"8":5,"9":5,"10":130,"11":5,"12":130,"13":4,"14":4,"15":4,"16":4,"17":2,"18":1,"19":1,"20":1,"21":1,"22":2,"23":1,"24":1,"25":1,"26":0,"27":0,"28":1,"29":0,"30":0,"31":1,"32":1,"33":1,"34":1},"f":{"0":5,"1":5,"2":130,"3":130,"4":4},"b":{"0":[2,2],"1":[1,1],"2":[1,1],"3":[0,1],"4":[0,1],"5":[1,0]},"_coverageSchema":"1a1c01bbd47fc00a2c39e90264f33305004495a9","hash":"fdf9e624e1c3894ef283b9af995da4d1938b2e3d"}
,"C:\\Users\\user\\Documents\\Projects\\JavaScript\\games\\2-player-card-game\\src\\app\\player.js": {"path":"C:\\Users\\user\\Documents\\Projects\\JavaScript\\games\\2-player-card-game\\src\\app\\player.js","statementMap":{"0":{"start":{"line":3,"column":4},"end":{"line":3,"column":17}},"1":{"start":{"line":4,"column":4},"end":{"line":4,"column":19}},"2":{"start":{"line":5,"column":4},"end":{"line":5,"column":20}},"3":{"start":{"line":9,"column":4},"end":{"line":9,"column":25}},"4":{"start":{"line":13,"column":4},"end":{"line":13,"column":26}},"5":{"start":{"line":17,"column":22},"end":{"line":17,"column":42}},"6":{"start":{"line":18,"column":22},"end":{"line":18,"column":61}},"7":{"start":{"line":19,"column":4},"end":{"line":19,"column":42}},"8":{"start":{"line":23,"column":4},"end":{"line":23,"column":25}},"9":{"start":{"line":27,"column":0},"end":{"line":27,"column":23}}},"fnMap":{"0":{"name":"(anonymous_0)","decl":{"start":{"line":2,"column":2},"end":{"line":2,"column":3}},"loc":{"start":{"line":2,"column":18},"end":{"line":6,"column":3}},"line":2},"1":{"name":"(anonymous_1)","decl":{"start":{"line":8,"column":2},"end":{"line":8,"column":3}},"loc":{"start":{"line":8,"column":19},"end":{"line":10,"column":3}},"line":8},"2":{"name":"(anonymous_2)","decl":{"start":{"line":12,"column":2},"end":{"line":12,"column":3}},"loc":{"start":{"line":12,"column":17},"end":{"line":14,"column":3}},"line":12},"3":{"name":"(anonymous_3)","decl":{"start":{"line":16,"column":2},"end":{"line":16,"column":3}},"loc":{"start":{"line":16,"column":22},"end":{"line":20,"column":3}},"line":16},"4":{"name":"(anonymous_4)","decl":{"start":{"line":22,"column":2},"end":{"line":22,"column":3}},"loc":{"start":{"line":22,"column":21},"end":{"line":24,"column":3}},"line":22}},"branchMap":{},"s":{"0":14,"1":14,"2":14,"3":266,"4":10,"5":3,"6":3,"7":3,"8":3,"9":2},"f":{"0":14,"1":266,"2":10,"3":3,"4":3},"b":{},"_coverageSchema":"1a1c01bbd47fc00a2c39e90264f33305004495a9","hash":"04a0985d802ebb1c97019eee587397445b3fb882"}
}
