TN:
SF:src\app\card.js
FN:2,(anonymous_0)
FNF:1
FNH:1
FNDA:313,(anonymous_0)
DA:3,313
DA:4,313
DA:5,313
DA:8,3
LF:4
LH:4
BRF:0
BRH:0
end_of_record
TN:
SF:src\app\deck.js
FN:4,(anonymous_0)
FN:18,(anonymous_1)
FN:32,(anonymous_2)
FNF:3
FNH:3
FNDA:6,(anonymous_0)
FNDA:6,(anonymous_1)
FNDA:6,(anonymous_2)
DA:1,2
DA:5,6
DA:6,6
DA:7,6
DA:9,6
DA:10,24
DA:11,312
DA:15,6
DA:19,6
DA:22,6
DA:23,312
DA:24,312
DA:26,312
DA:27,312
DA:28,312
DA:34,6
DA:35,6
DA:36,6
DA:37,6
DA:38,6
DA:39,6
DA:43,2
LF:22
LH:22
BRF:0
BRH:0
end_of_record
TN:
SF:src\app\game.js
FN:5,(anonymous_0)
FN:13,(anonymous_1)
FN:18,(anonymous_2)
FN:22,(anonymous_3)
FN:27,(anonymous_4)
FNF:5
FNH:5
FNDA:5,(anonymous_0)
FNDA:5,(anonymous_1)
FNDA:130,(anonymous_2)
FNDA:130,(anonymous_3)
FNDA:4,(anonymous_4)
DA:1,1
DA:2,1
DA:6,5
DA:7,5
DA:8,5
DA:10,5
DA:14,5
DA:15,5
DA:16,5
DA:18,5
DA:19,130
DA:22,5
DA:23,130
DA:28,4
DA:29,4
DA:31,4
DA:36,4
DA:37,2
DA:38,1
DA:40,1
DA:41,1
DA:42,1
DA:44,2
DA:45,1
DA:46,1
DA:47,1
DA:48,0
DA:49,0
DA:50,1
DA:51,0
DA:52,0
DA:53,1
DA:54,1
DA:55,1
DA:62,1
LF:35
LH:31
BRDA:36,0,0,2
BRDA:36,0,1,2
BRDA:37,1,0,1
BRDA:37,1,1,1
BRDA:44,2,0,1
BRDA:44,2,1,1
BRDA:47,3,0,0
BRDA:47,3,1,1
BRDA:50,4,0,0
BRDA:50,4,1,1
BRDA:53,5,0,1
BRDA:53,5,1,0
BRF:12
BRH:9
end_of_record
TN:
SF:src\app\player.js
FN:2,(anonymous_0)
FN:8,(anonymous_1)
FN:12,(anonymous_2)
FN:16,(anonymous_3)
FN:22,(anonymous_4)
FNF:5
FNH:5
FNDA:14,(anonymous_0)
FNDA:266,(anonymous_1)
FNDA:10,(anonymous_2)
FNDA:3,(anonymous_3)
FNDA:3,(anonymous_4)
DA:3,14
DA:4,14
DA:5,14
DA:9,266
DA:13,10
DA:17,3
DA:18,3
DA:19,3
DA:23,3
DA:27,2
LF:10
LH:10
BRF:0
BRH:0
end_of_record
